ProgrammingErrorsqlalchemy.exc.ProgrammingError: (psycopg2.errors.UndefinedFunction) operator does not exist: character = integerLINE 5: ...lfiller_user_id = 22))) AND reliefpkg.status_code = 5 ORDER ...                                                             ^HINT:  No operator matches the given name and argument types. You might need to add explicit type casts.[SQL: SELECT reliefrqst.reliefrqst_id AS reliefrqst_reliefrqst_id, reliefrqst.agency_id AS reliefrqst_agency_id, reliefrqst.request_date AS reliefrqst_request_date, reliefrqst.tracking_no AS reliefrqst_tracking_no, reliefrqst.eligible_event_id AS reliefrqst_eligible_event_id, reliefrqst.urgency_ind AS reliefrqst_urgency_ind, reliefrqst.rqst_notes_text AS reliefrqst_rqst_notes_text, reliefrqst.review_notes_text AS reliefrqst_review_notes_text, reliefrqst.status_code AS reliefrqst_status_code, reliefrqst.status_reason_desc AS reliefrqst_status_reason_desc, reliefrqst.create_by_id AS reliefrqst_create_by_id, reliefrqst.create_dtime AS reliefrqst_create_dtime, reliefrqst.review_by_id AS reliefrqst_review_by_id, reliefrqst.review_dtime AS reliefrqst_review_dtime, reliefrqst.action_by_id AS reliefrqst_action_by_id, reliefrqst.action_dtime AS reliefrqst_action_dtime, reliefrqst.version_nbr AS reliefrqst_version_nbr, agency_1.agency_id AS agency_1_agency_id, agency_1.agency_name AS agency_1_agency_name, agency_1.agency_type AS agency_1_agency_type, agency_1.address1_text AS agency_1_address1_text, agency_1.address2_text AS agency_1_address2_text, agency_1.parish_code AS agency_1_parish_code, agency_1.contact_name AS agency_1_contact_name, agency_1.phone_no AS agency_1_phone_no, agency_1.email_text AS agency_1_email_text, agency_1.ineligible_event_id AS agency_1_ineligible_event_id, agency_1.warehouse_id AS agency_1_warehouse_id, agency_1.status_code AS agency_1_status_code, agency_1.create_by_id AS agency_1_create_by_id, agency_1.create_dtime AS agency_1_create_dtime, agency_1.update_by_id AS agency_1_update_by_id, agency_1.update_dtime AS agency_1_update_dtime, agency_1.version_nbr AS agency_1_version_nbr, reliefrqst_status_1.status_code AS reliefrqst_status_1_status_code, reliefrqst_status_1.status_desc AS reliefrqst_status_1_status_desc, reliefrqst_status_1.reason_rqrd_flag AS reliefrqst_status_1_reason_rqrd_flag, reliefrqst_status_1.is_active_flag AS reliefrqst_status_1_is_active_flag, reliefrqst_item_1.reliefrqst_id AS reliefrqst_item_1_reliefrqst_id, reliefrqst_item_1.item_id AS reliefrqst_item_1_item_id, reliefrqst_item_1.request_qty AS reliefrqst_item_1_request_qty, reliefrqst_item_1.issue_qty AS reliefrqst_item_1_issue_qty, reliefrqst_item_1.urgency_ind AS reliefrqst_item_1_urgency_ind, reliefrqst_item_1.rqst_reason_desc AS reliefrqst_item_1_rqst_reason_desc, reliefrqst_item_1.required_by_date AS reliefrqst_item_1_required_by_date, reliefrqst_item_1.status_code AS reliefrqst_item_1_status_code, reliefrqst_item_1.status_reason_desc AS reliefrqst_item_1_status_reason_desc, reliefrqst_item_1.action_by_id AS reliefrqst_item_1_action_by_id, reliefrqst_item_1.action_dtime AS reliefrqst_item_1_action_dtime, reliefrqst_item_1.version_nbr AS reliefrqst_item_1_version_nbr, user_1.user_id AS user_1_user_id, user_1.email AS user_1_email, user_1.username AS user_1_username, user_1.user_name AS user_1_user_name, user_1.password_hash AS user_1_password_hash, user_1.password_algo AS user_1_password_algo, user_1.first_name AS user_1_first_name, user_1.last_name AS user_1_last_name, user_1.full_name AS user_1_full_name, user_1.is_active AS user_1_is_active, user_1.organization AS user_1_organization, user_1.job_title AS user_1_job_title, user_1.phone AS user_1_phone, user_1.timezone AS user_1_timezone, user_1.language AS user_1_language, user_1.notification_preferences AS user_1_notification_preferences, user_1.assigned_warehouse_id AS user_1_assigned_warehouse_id, user_1.last_login_at AS user_1_last_login_at, user_1.create_dtime AS user_1_create_dtime, user_1.update_dtime AS user_1_update_dtime, user_1.mfa_enabled AS user_1_mfa_enabled, user_1.mfa_secret AS user_1_mfa_secret, user_1.failed_login_count AS user_1_failed_login_count, user_1.lock_until_at AS user_1_lock_until_at, user_1.password_changed_at AS user_1_password_changed_at, user_1.agency_id AS user_1_agency_id, user_1.status_code AS user_1_status_code, user_1.version_nbr AS user_1_version_nbr, relief_request_fulfillment_lock_1.reliefrqst_id AS relief_request_fulfillment_lock_1_reliefrqst_id, relief_request_fulfillment_lock_1.fulfiller_user_id AS relief_request_fulfillment_lock_1_fulfiller_user_id, relief_request_fulfillment_lock_1.fulfiller_email AS relief_request_fulfillment_lock_1_fulfiller_email, relief_request_fulfillment_lock_1.acquired_at AS relief_request_fulfillment_lock_1_acquired_at, relief_request_fulfillment_lock_1.expires_at AS relief_request_fulfillment_lock_1_expires_at FROM reliefrqst LEFT OUTER JOIN reliefpkg ON reliefrqst.reliefrqst_id = reliefpkg.reliefrqst_id LEFT OUTER JOIN agency AS agency_1 ON agency_1.agency_id = reliefrqst.agency_id LEFT OUTER JOIN reliefrqst_status AS reliefrqst_status_1 ON reliefrqst_status_1.status_code = reliefrqst.status_code LEFT OUTER JOIN reliefrqst_item AS reliefrqst_item_1 ON reliefrqst.reliefrqst_id = reliefrqst_item_1.reliefrqst_id LEFT OUTER JOIN relief_request_fulfillment_lock AS relief_request_fulfillment_lock_1 ON reliefrqst.reliefrqst_id = relief_request_fulfillment_lock_1.reliefrqst_id LEFT OUTER JOIN "user" AS user_1 ON user_1.user_id = relief_request_fulfillment_lock_1.fulfiller_user_id WHERE (reliefrqst.create_by_id = %(create_by_id_1)s OR reliefrqst.action_by_id = %(action_by_id_1)s OR reliefpkg.create_by_id = %(create_by_id_2)s OR reliefpkg.update_by_id = %(update_by_id_1)s OR (EXISTS (SELECT 1 FROM relief_request_fulfillment_lock WHERE reliefrqst.reliefrqst_id = relief_request_fulfillment_lock.reliefrqst_id AND relief_request_fulfillment_lock.fulfiller_user_id = %(fulfiller_user_id_1)s))) AND reliefpkg.status_code = %(status_code_1)s ORDER BY reliefrqst.request_date DESC][parameters: {'create_by_id_1': 'CLAUDINE@GOV.JM', 'action_by_id_1': 'CLAUDINE@GOV.JM', 'create_by_id_2': 'CLAUDINE@GOV.JM', 'update_by_id_1': 'CLAUDINE@GOV.JM', 'fulfiller_user_id_1': 22, 'status_code_1': 5}](Background on this error at: https://sqlalche.me/e/20/f405)Traceback (most recent call last)File "/home/runner/workspace/.pythonlibs/lib/python3.11/site-packages/sqlalchemy/engine/base.py", line 1967, in _exec_single_contextself.dialect.do_execute(^File "/home/runner/workspace/.pythonlibs/lib/python3.11/site-packages/sqlalchemy/engine/default.py", line 941, in do_executecursor.execute(statement, parameters)^^^^^^^^^^^^^^^^^^^^^^^^^^^^^^^^^^^^^The above exception was the direct cause of the following exception:File "/home/runner/workspace/.pythonlibs/lib/python3.11/site-packages/flask/app.py", line 1498, in __call__return self.wsgi_app(environ, start_response)       ^^^^^^^^^^^^^^^^^^^^^^^^^^^^^^^^^^^^^^File "/home/runner/workspace/.pythonlibs/lib/python3.11/site-packages/flask/app.py", line 1476, in wsgi_appresponse = self.handle_exception(e)           ^^^^^^^^^^^^^^^^^^^^^^^^File "/home/runner/workspace/.pythonlibs/lib/python3.11/site-packages/flask/app.py", line 1473, in wsgi_appresponse = self.full_dispatch_request()           ^^^^^^^^^^^^^^^^^^^^^^^^^^^^File "/home/runner/workspace/.pythonlibs/lib/python3.11/site-packages/flask/app.py", line 882, in full_dispatch_requestrv = self.handle_user_exception(e)     ^^^^^^^^^^^^^^^^^^^^^^^^^^^^^File "/home/runner/workspace/.pythonlibs/lib/python3.11/site-packages/flask/app.py", line 880, in full_dispatch_requestrv = self.dispatch_request()     ^^^^^^^^^^^^^^^^^^^^^^^File "/home/runner/workspace/.pythonlibs/lib/python3.11/site-packages/flask/app.py", line 865, in dispatch_requestreturn self.ensure_sync(self.view_functions[rule.endpoint])(**view_args)  # type: ignore[no-any-return]       ^^^^^^^^^^^^^^^^^^^^^^^^^^^^^^^^^^^^^^^^^^^^^^^^^^^^^^^^^^^^^^^^^File "/home/runner/workspace/.pythonlibs/lib/python3.11/site-packages/flask_login/utils.py", line 290, in decorated_viewreturn current_app.ensure_sync(func)(*args, **kwargs)       ^^^^^^^^^^^^^^^^^^^^^^^^^^^^^^^^^^^^^^^^^^^^^^File "/home/runner/workspace/app/features/dashboard.py", line 101, in logistics_dashboard).order_by(desc(ReliefRqst.request_date)).all()                                          ^^^^^File "/home/runner/workspace/.pythonlibs/lib/python3.11/site-packages/sqlalchemy/orm/query.py", line 2673, in allreturn self._iter().all()  # type: ignore       ^^^^^^^^^^^^File "/home/runner/workspace/.pythonlibs/lib/python3.11/site-packages/sqlalchemy/orm/query.py", line 2827, in _iterresult: Union[ScalarResult[_T], Result[_T]] = self.session.execute(                                              File "/home/runner/workspace/.pythonlibs/lib/python3.11/site-packages/sqlalchemy/orm/session.py", line 2362, in executereturn self._execute_internal(       File "/home/runner/workspace/.pythonlibs/lib/python3.11/site-packages/sqlalchemy/orm/session.py", line 2247, in _execute_internalresult: Result[Any] = compile_state_cls.orm_execute_statement(                      File "/home/runner/workspace/.pythonlibs/lib/python3.11/site-packages/sqlalchemy/orm/context.py", line 293, in orm_execute_statementresult = conn.execute(         File "/home/runner/workspace/.pythonlibs/lib/python3.11/site-packages/sqlalchemy/engine/base.py", line 1418, in executereturn meth(       File "/home/runner/workspace/.pythonlibs/lib/python3.11/site-packages/sqlalchemy/sql/elements.py", line 515, in _execute_on_connectionreturn connection._execute_clauseelement(       File "/home/runner/workspace/.pythonlibs/lib/python3.11/site-packages/sqlalchemy/engine/base.py", line 1640, in _execute_clauseelementret = self._execute_context(      File "/home/runner/workspace/.pythonlibs/lib/python3.11/site-packages/sqlalchemy/engine/base.py", line 1846, in _execute_contextreturn self._exec_single_context(       File "/home/runner/workspace/.pythonlibs/lib/python3.11/site-packages/sqlalchemy/engine/base.py", line 1986, in _exec_single_contextself._handle_dbapi_exception(^File "/home/runner/workspace/.pythonlibs/lib/python3.11/site-packages/sqlalchemy/engine/base.py", line 2355, in _handle_dbapi_exceptionraise sqlalchemy_exception.with_traceback(exc_info[2]) from e^^^^^^^^^^^^^^^^^^^^^^^^^^^^^^^^^^^^^^^^^^^^^^^^^^^^^^^^^^^^^File "/home/runner/workspace/.pythonlibs/lib/python3.11/site-packages/sqlalchemy/engine/base.py", line 1967, in _exec_single_contextself.dialect.do_execute(^File "/home/runner/workspace/.pythonlibs/lib/python3.11/site-packages/sqlalchemy/engine/default.py", line 941, in do_executecursor.execute(statement, parameters)^^^^^^^^^^^^^^^^^^^^^^^^^^^^^^^^^^^^^sqlalchemy.exc.ProgrammingError: (psycopg2.errors.UndefinedFunction) operator does not exist: character = integerLINE 5: ...lfiller_user_id = 22))) AND reliefpkg.status_code = 5 ORDER ...^HINT: No operator matches the given name and argument types. You might need to add explicit type casts.[SQL: SELECT reliefrqst.reliefrqst_id AS reliefrqst_reliefrqst_id, reliefrqst.agency_id AS reliefrqst_agency_id, reliefrqst.request_date AS reliefrqst_request_date, reliefrqst.tracking_no AS reliefrqst_tracking_no, reliefrqst.eligible_event_id AS reliefrqst_eligible_event_id, reliefrqst.urgency_ind AS reliefrqst_urgency_ind, reliefrqst.rqst_notes_text AS reliefrqst_rqst_notes_text, reliefrqst.review_notes_text AS reliefrqst_review_notes_text, reliefrqst.status_code AS reliefrqst_status_code, reliefrqst.status_reason_desc AS reliefrqst_status_reason_desc, reliefrqst.create_by_id AS reliefrqst_create_by_id, reliefrqst.create_dtime AS reliefrqst_create_dtime, reliefrqst.review_by_id AS reliefrqst_review_by_id, reliefrqst.review_dtime AS reliefrqst_review_dtime, reliefrqst.action_by_id AS reliefrqst_action_by_id, reliefrqst.action_dtime AS reliefrqst_action_dtime, reliefrqst.version_nbr AS reliefrqst_version_nbr, agency_1.agency_id AS agency_1_agency_id, agency_1.agency_name AS agency_1_agency_name, agency_1.agency_type AS agency_1_agency_type, agency_1.address1_text AS agency_1_address1_text, agency_1.address2_text AS agency_1_address2_text, agency_1.parish_code AS agency_1_parish_code, agency_1.contact_name AS agency_1_contact_name, agency_1.phone_no AS agency_1_phone_no, agency_1.email_text AS agency_1_email_text, agency_1