Attempted to change the status of BAGS to active from inactive.
ProgrammingErrorsqlalchemy.exc.ProgrammingError: (psycopg2.errors.UndefinedTable) relation "transfer_item" does not existLINE 3: FROM transfer_item              ^[SQL: SELECT count(*) AS count_1 FROM (SELECT transfer_item.transfer_id AS transfer_item_transfer_id, transfer_item.item_id AS transfer_item_item_id, transfer_item.batch_id AS transfer_item_batch_id, transfer_item.inventory_id AS transfer_item_inventory_id, transfer_item.item_qty AS transfer_item_item_qty, transfer_item.uom_code AS transfer_item_uom_code, transfer_item.reason_text AS transfer_item_reason_text, transfer_item.create_by_id AS transfer_item_create_by_id, transfer_item.create_dtime AS transfer_item_create_dtime, transfer_item.update_by_id AS transfer_item_update_by_id, transfer_item.update_dtime AS transfer_item_update_dtime, transfer_item.version_nbr AS transfer_item_version_nbr FROM transfer_item WHERE transfer_item.uom_code = %(uom_code_1)s) AS anon_1][parameters: {'uom_code_1': 'BAG'}](Background on this error at: https://sqlalche.me/e/20/f405)Traceback (most recent call last)File "/home/runner/workspace/.pythonlibs/lib/python3.11/site-packages/sqlalchemy/engine/base.py", line 1967, in _exec_single_contextself.dialect.do_execute(^File "/home/runner/workspace/.pythonlibs/lib/python3.11/site-packages/sqlalchemy/engine/default.py", line 941, in do_executecursor.execute(statement, parameters)^^^^^^^^^^^^^^^^^^^^^^^^^^^^^^^^^^^^^The above exception was the direct cause of the following exception:File "/home/runner/workspace/.pythonlibs/lib/python3.11/site-packages/flask/app.py", line 1498, in __call__return self.wsgi_app(environ, start_response)       ^^^^^^^^^^^^^^^^^^^^^^^^^^^^^^^^^^^^^^File "/home/runner/workspace/.pythonlibs/lib/python3.11/site-packages/flask/app.py", line 1476, in wsgi_appresponse = self.handle_exception(e)           ^^^^^^^^^^^^^^^^^^^^^^^^File "/home/runner/workspace/.pythonlibs/lib/python3.11/site-packages/flask/app.py", line 1473, in wsgi_appresponse = self.full_dispatch_request()           ^^^^^^^^^^^^^^^^^^^^^^^^^^^^File "/home/runner/workspace/.pythonlibs/lib/python3.11/site-packages/flask/app.py", line 882, in full_dispatch_requestrv = self.handle_user_exception(e)     ^^^^^^^^^^^^^^^^^^^^^^^^^^^^^File "/home/runner/workspace/.pythonlibs/lib/python3.11/site-packages/flask/app.py", line 880, in full_dispatch_requestrv = self.dispatch_request()     ^^^^^^^^^^^^^^^^^^^^^^^File "/home/runner/workspace/.pythonlibs/lib/python3.11/site-packages/flask/app.py", line 865, in dispatch_requestreturn self.ensure_sync(self.view_functions[rule.endpoint])(**view_args)  # type: ignore[no-any-return]       ^^^^^^^^^^^^^^^^^^^^^^^^^^^^^^^^^^^^^^^^^^^^^^^^^^^^^^^^^^^^^^^^^File "/home/runner/workspace/.pythonlibs/lib/python3.11/site-packages/flask_login/utils.py", line 290, in decorated_viewreturn current_app.ensure_sync(func)(*args, **kwargs)       ^^^^^^^^^^^^^^^^^^^^^^^^^^^^^^^^^^^^^^^^^^^^^^File "/home/runner/workspace/app/core/decorators.py", line 44, in decorated_functionreturn f(*args, **kwargs)       ^^^^^^^^^^^^^^^^^^File "/home/runner/workspace/app/features/uom.py", line 214, in view_uomis_in_use = check_uom_references(uom_code)            ^^^^^^^^^^^^^^^^^^^^^^^^^^^^^^File "/home/runner/workspace/app/features/uom.py", line 351, in check_uom_referencestransfer_item_count = TransferItem.query.filter(TransferItem.uom_code == uom_code).count()                      ^^^^^^^^^^^^^^^^^^^^^^^^^^^^^^^^^^^^^^^^^^^^^^^^^^^^^^^^^^^^^^^^^^^^File "/home/runner/workspace/.pythonlibs/lib/python3.11/site-packages/sqlalchemy/orm/query.py", line 3112, in countself._legacy_from_self(col).enable_eagerloads(False).scalar()^^^^^^^^^^^^^^^^^^^^^^^^^^^^^^^^^^^^^^^^^^^^^^^^^^^^^^^^^^^^^File "/home/runner/workspace/.pythonlibs/lib/python3.11/site-packages/sqlalchemy/orm/query.py", line 2805, in scalarret = self.one()      ^^^^^^^^^^File "/home/runner/workspace/.pythonlibs/lib/python3.11/site-packages/sqlalchemy/orm/query.py", line 2778, in onereturn self._iter().one()  # type: ignore       ^^^^^^^^^^^^File "/home/runner/workspace/.pythonlibs/lib/python3.11/site-packages/sqlalchemy/orm/query.py", line 2827, in _iterresult: Union[ScalarResult[_T], Result[_T]] = self.session.execute(                                              File "/home/runner/workspace/.pythonlibs/lib/python3.11/site-packages/sqlalchemy/orm/session.py", line 2362, in executereturn self._execute_internal(       File "/home/runner/workspace/.pythonlibs/lib/python3.11/site-packages/sqlalchemy/orm/session.py", line 2247, in _execute_internalresult: Result[Any] = compile_state_cls.orm_execute_statement(                      File "/home/runner/workspace/.pythonlibs/lib/python3.11/site-packages/sqlalchemy/orm/context.py", line 293, in orm_execute_statementresult = conn.execute(         File "/home/runner/workspace/.pythonlibs/lib/python3.11/site-packages/sqlalchemy/engine/base.py", line 1418, in executereturn meth(       File "/home/runner/workspace/.pythonlibs/lib/python3.11/site-packages/sqlalchemy/sql/elements.py", line 515, in _execute_on_connectionreturn connection._execute_clauseelement(       File "/home/runner/workspace/.pythonlibs/lib/python3.11/site-packages/sqlalchemy/engine/base.py", line 1640, in _execute_clauseelementret = self._execute_context(      File "/home/runner/workspace/.pythonlibs/lib/python3.11/site-packages/sqlalchemy/engine/base.py", line 1846, in _execute_contextreturn self._exec_single_context(       File "/home/runner/workspace/.pythonlibs/lib/python3.11/site-packages/sqlalchemy/engine/base.py", line 1986, in _exec_single_contextself._handle_dbapi_exception(^File "/home/runner/workspace/.pythonlibs/lib/python3.11/site-packages/sqlalchemy/engine/base.py", line 2355, in _handle_dbapi_exceptionraise sqlalchemy_exception.with_traceback(exc_info[2]) from e^^^^^^^^^^^^^^^^^^^^^^^^^^^^^^^^^^^^^^^^^^^^^^^^^^^^^^^^^^^^^File "/home/runner/workspace/.pythonlibs/lib/python3.11/site-packages/sqlalchemy/engine/base.py", line 1967, in _exec_single_contextself.dialect.do_execute(^File "/home/runner/workspace/.pythonlibs/lib/python3.11/site-packages/sqlalchemy/engine/default.py", line 941, in do_executecursor.execute(statement, parameters)^^^^^^^^^^^^^^^^^^^^^^^^^^^^^^^^^^^^^sqlalchemy.exc.ProgrammingError: (psycopg2.errors.UndefinedTable) relation "transfer_item" does not existLINE 3: FROM transfer_item^[SQL: SELECT count(*) AS count_1FROM (SELECT transfer_item.transfer_id AS transfer_item_transfer_id, transfer_item.item_id AS transfer_item_item_id, transfer_item.batch_id AS transfer_item_batch_id, transfer_item.inventory_id AS transfer_item_inventory_id, transfer_item.item_qty AS transfer_item_item_qty, transfer_item.uom_code AS transfer_item_uom_code, transfer_item.reason_text AS transfer_item_reason_text, transfer_item.create_by_id AS transfer_item_create_by_id, transfer_item.create_dtime AS transfer_item_create_dtime, transfer_item.update_by_id AS transfer_item_update_by_id, transfer_item.update_dtime AS transfer_item_update_dtime, transfer_item.version_nbr AS transfer_item_version_nbrFROM transfer_itemWHERE transfer_item.uom_code = %(uom_code_1)s) AS anon_1][parameters: {'uom_code_1': 'BAG'}](Background on this error at: https://sqlalche.me/e/20/f405)The debugger caught an exception in your WSGI application. You can now look at the traceback which led to the error.To switch between the interactive traceback and the plaintext one, you can click on the "Traceback" headline. From the text traceback you can also create a paste of it.Br